0 info it worked if it ends with ok
1 verbose cli [ '/home/will/4210/local-dev-env/bin/node',
1 verbose cli   '/home/will/4210/local-dev-env/bin/npm',
1 verbose cli   'install',
1 verbose cli   'expressValidator',
1 verbose cli   '-save' ]
2 info using npm@1.4.28
3 info using node@v0.10.36
4 verbose readDependencies using package.json deps
5 verbose cache add [ 'expressValidator', null ]
6 verbose cache add name=undefined spec="expressValidator" args=["expressValidator",null]
7 verbose parsed url { protocol: null,
7 verbose parsed url   slashes: null,
7 verbose parsed url   auth: null,
7 verbose parsed url   host: null,
7 verbose parsed url   port: null,
7 verbose parsed url   hostname: null,
7 verbose parsed url   hash: null,
7 verbose parsed url   search: null,
7 verbose parsed url   query: null,
7 verbose parsed url   pathname: 'expressValidator',
7 verbose parsed url   path: 'expressValidator',
7 verbose parsed url   href: 'expressValidator' }
8 silly lockFile 72f68fd4-expressValidator expressValidator
9 verbose lock expressValidator /home/will/.npm/72f68fd4-expressValidator.lock
10 silly lockFile 72f68fd4-expressValidator expressValidator
11 silly lockFile 72f68fd4-expressValidator expressValidator
12 verbose addNamed [ 'expressValidator', '' ]
13 verbose addNamed [ null, '*' ]
14 silly lockFile becc8908-expressValidator expressValidator@
15 verbose lock expressValidator@ /home/will/.npm/becc8908-expressValidator.lock
16 silly addNameRange { name: 'expressValidator', range: '*', hasData: false }
17 verbose request where is /expressValidator
18 verbose request registry https://registry.npmjs.org/
19 verbose request id d4b49120aaafd678
20 verbose url raw /expressValidator
21 verbose url resolving [ 'https://registry.npmjs.org/', './expressValidator' ]
22 verbose url resolved https://registry.npmjs.org/expressValidator
23 verbose request where is https://registry.npmjs.org/expressValidator
24 info trying registry request attempt 1 at 01:33:28
25 http GET https://registry.npmjs.org/expressValidator
26 http 404 https://registry.npmjs.org/expressValidator
27 verbose headers { date: 'Sun, 15 Feb 2015 17:33:29 GMT',
27 verbose headers   server: 'CouchDB/1.5.0 (Erlang OTP/R16B03)',
27 verbose headers   'content-type': 'application/json',
27 verbose headers   'cache-control': 'max-age=0',
27 verbose headers   'content-length': '52',
27 verbose headers   'accept-ranges': 'bytes',
27 verbose headers   via: '1.1 varnish',
27 verbose headers   age: '0',
27 verbose headers   'x-served-by': 'cache-hk93-HKG',
27 verbose headers   'x-cache': 'MISS',
27 verbose headers   'x-cache-hits': '0',
27 verbose headers   'x-timer': 'S1424021608.785448,VS0,VE684',
27 verbose headers   'keep-alive': 'timeout=10, max=50',
27 verbose headers   connection: 'Keep-Alive' }
28 silly registry.get cb [ 404,
28 silly registry.get   { date: 'Sun, 15 Feb 2015 17:33:29 GMT',
28 silly registry.get     server: 'CouchDB/1.5.0 (Erlang OTP/R16B03)',
28 silly registry.get     'content-type': 'application/json',
28 silly registry.get     'cache-control': 'max-age=0',
28 silly registry.get     'content-length': '52',
28 silly registry.get     'accept-ranges': 'bytes',
28 silly registry.get     via: '1.1 varnish',
28 silly registry.get     age: '0',
28 silly registry.get     'x-served-by': 'cache-hk93-HKG',
28 silly registry.get     'x-cache': 'MISS',
28 silly registry.get     'x-cache-hits': '0',
28 silly registry.get     'x-timer': 'S1424021608.785448,VS0,VE684',
28 silly registry.get     'keep-alive': 'timeout=10, max=50',
28 silly registry.get     connection: 'Keep-Alive' } ]
29 silly lockFile becc8908-expressValidator expressValidator@
30 silly lockFile becc8908-expressValidator expressValidator@
31 error 404 404 Not Found: expressValidator
31 error 404
31 error 404 'expressValidator' is not in the npm registry.
31 error 404 You should bug the author to publish it
31 error 404 It was specified as a dependency of 'shop49-ierg4210'
31 error 404
31 error 404 Note that you can also install from a
31 error 404 tarball, folder, or http url, or git url.
32 error System Linux 3.13.0-37-generic
33 error command "/home/will/4210/local-dev-env/bin/node" "/home/will/4210/local-dev-env/bin/npm" "install" "expressValidator" "-save"
34 error cwd /home/will/4210
35 error node -v v0.10.36
36 error npm -v 1.4.28
37 error code E404
38 verbose exit [ 1, true ]
